{"/Users/juancarlosguerra/Dev/test/nestjs-backoffice-api/src/app.controller.ts": {"path":"/Users/juancarlosguerra/Dev/test/nestjs-backoffice-api/src/app.controller.ts","statementMap":{"0":{"start":{"line":1,"column":0},"end":{"line":1,"column":49}},"1":{"start":{"line":2,"column":0},"end":{"line":2,"column":43}},"2":{"start":{"line":5,"column":7},"end":{"line":12,"column":null}},"3":{"start":{"line":6,"column":31},"end":{"line":6,"column":43}},"4":{"start":{"line":10,"column":4},"end":{"line":10,"column":38}},"5":{"start":{"line":5,"column":13},"end":{"line":5,"column":26}},"6":{"start":{"line":9,"column":2},"end":{"line":11,"column":null}},"7":{"start":{"line":5,"column":13},"end":{"line":12,"column":null}}},"fnMap":{"0":{"name":"(anonymous_2)","decl":{"start":{"line":6,"column":2},"end":{"line":6,"column":31}},"loc":{"start":{"line":6,"column":53},"end":{"line":6,"column":57}}},"1":{"name":"(anonymous_3)","decl":{"start":{"line":9,"column":2},"end":{"line":9,"column":10}},"loc":{"start":{"line":9,"column":10},"end":{"line":11,"column":3}}}},"branchMap":{},"s":{"0":1,"1":1,"2":1,"3":1,"4":1,"5":1,"6":1,"7":1},"f":{"0":1,"1":1},"b":{}}
,"/Users/juancarlosguerra/Dev/test/nestjs-backoffice-api/src/app.module.ts": {"path":"/Users/juancarlosguerra/Dev/test/nestjs-backoffice-api/src/app.module.ts","statementMap":{"0":{"start":{"line":1,"column":0},"end":{"line":1,"column":40}},"1":{"start":{"line":2,"column":0},"end":{"line":2,"column":61}},"2":{"start":{"line":3,"column":0},"end":{"line":3,"column":48}},"3":{"start":{"line":4,"column":0},"end":{"line":4,"column":49}},"4":{"start":{"line":5,"column":0},"end":{"line":5,"column":43}},"5":{"start":{"line":6,"column":0},"end":{"line":6,"column":59}},"6":{"start":{"line":7,"column":0},"end":{"line":7,"column":56}},"7":{"start":{"line":8,"column":0},"end":{"line":8,"column":60}},"8":{"start":{"line":9,"column":0},"end":{"line":9,"column":54}},"9":{"start":{"line":10,"column":0},"end":{"line":10,"column":44}},"10":{"start":{"line":39,"column":7},"end":{"line":39,"column":null}},"11":{"start":{"line":39,"column":13},"end":{"line":39,"column":22}},"12":{"start":{"line":39,"column":13},"end":{"line":39,"column":null}},"13":{"start":{"line":24,"column":53},"end":{"line":27,"column":8}}},"fnMap":{"0":{"name":"(anonymous_1)","decl":{"start":{"line":24,"column":18},"end":{"line":24,"column":19}},"loc":{"start":{"line":24,"column":53},"end":{"line":27,"column":8}}}},"branchMap":{},"s":{"0":0,"1":0,"2":0,"3":0,"4":0,"5":0,"6":0,"7":0,"8":0,"9":0,"10":0,"11":0,"12":0,"13":0},"f":{"0":0},"b":{}}
,"/Users/juancarlosguerra/Dev/test/nestjs-backoffice-api/src/app.service.ts": {"path":"/Users/juancarlosguerra/Dev/test/nestjs-backoffice-api/src/app.service.ts","statementMap":{"0":{"start":{"line":1,"column":0},"end":{"line":1,"column":44}},"1":{"start":{"line":4,"column":7},"end":{"line":8,"column":null}},"2":{"start":{"line":6,"column":4},"end":{"line":6,"column":26}},"3":{"start":{"line":4,"column":13},"end":{"line":4,"column":23}},"4":{"start":{"line":4,"column":13},"end":{"line":8,"column":null}}},"fnMap":{"0":{"name":"(anonymous_1)","decl":{"start":{"line":5,"column":2},"end":{"line":5,"column":10}},"loc":{"start":{"line":5,"column":10},"end":{"line":7,"column":3}}}},"branchMap":{},"s":{"0":1,"1":1,"2":1,"3":1,"4":1},"f":{"0":1},"b":{}}
,"/Users/juancarlosguerra/Dev/test/nestjs-backoffice-api/src/common/decorators/roles.decorator.ts": {"path":"/Users/juancarlosguerra/Dev/test/nestjs-backoffice-api/src/common/decorators/roles.decorator.ts","statementMap":{"0":{"start":{"line":1,"column":0},"end":{"line":1,"column":45}},"1":{"start":{"line":4,"column":13},"end":{"line":4,"column":33}},"2":{"start":{"line":5,"column":21},"end":{"line":5,"column":76}},"3":{"start":{"line":5,"column":47},"end":{"line":5,"column":76}},"4":{"start":{"line":5,"column":13},"end":{"line":5,"column":21}}},"fnMap":{"0":{"name":"(anonymous_0)","decl":{"start":{"line":5,"column":21},"end":{"line":5,"column":22}},"loc":{"start":{"line":5,"column":47},"end":{"line":5,"column":76}}}},"branchMap":{},"s":{"0":0,"1":0,"2":0,"3":0,"4":0},"f":{"0":0},"b":{}}
,"/Users/juancarlosguerra/Dev/test/nestjs-backoffice-api/src/common/enums/user-role.enum.ts": {"path":"/Users/juancarlosguerra/Dev/test/nestjs-backoffice-api/src/common/enums/user-role.enum.ts","statementMap":{"0":{"start":{"line":1,"column":0},"end":{"line":1,"column":null}},"1":{"start":{"line":2,"column":2},"end":{"line":2,"column":null}},"2":{"start":{"line":3,"column":2},"end":{"line":3,"column":null}},"3":{"start":{"line":4,"column":2},"end":{"line":4,"column":null}}},"fnMap":{"0":{"name":"(anonymous_0)","decl":{"start":{"line":1,"column":0},"end":{"line":1,"column":12}},"loc":{"start":{"line":1,"column":20},"end":{"line":5,"column":1}}}},"branchMap":{"0":{"loc":{"start":{"line":1,"column":12},"end":{"line":1,"column":null}},"type":"binary-expr","locations":[{"start":{"line":1,"column":12},"end":{"line":1,"column":20}},{"start":{"line":1,"column":20},"end":{"line":1,"column":null}}]}},"s":{"0":4,"1":4,"2":4,"3":4},"f":{"0":4},"b":{"0":[4,4]}}
,"/Users/juancarlosguerra/Dev/test/nestjs-backoffice-api/src/common/exceptions/business.exception.ts": {"path":"/Users/juancarlosguerra/Dev/test/nestjs-backoffice-api/src/common/exceptions/business.exception.ts","statementMap":{"0":{"start":{"line":1,"column":0},"end":{"line":1,"column":59}},"1":{"start":{"line":5,"column":4},"end":{"line":5,"column":27}},"2":{"start":{"line":3,"column":0},"end":{"line":3,"column":13}},"3":{"start":{"line":11,"column":4},"end":{"line":11,"column":58}},"4":{"start":{"line":9,"column":0},"end":{"line":9,"column":13}},"5":{"start":{"line":17,"column":4},"end":{"line":17,"column":57}},"6":{"start":{"line":15,"column":0},"end":{"line":15,"column":13}}},"fnMap":{"0":{"name":"(anonymous_0)","decl":{"start":{"line":4,"column":2},"end":{"line":4,"column":14}},"loc":{"start":{"line":4,"column":74},"end":{"line":6,"column":3}}},"1":{"name":"(anonymous_1)","decl":{"start":{"line":10,"column":2},"end":{"line":10,"column":null}},"loc":{"start":{"line":10,"column":2},"end":{"line":12,"column":3}}},"2":{"name":"(anonymous_2)","decl":{"start":{"line":16,"column":2},"end":{"line":16,"column":null}},"loc":{"start":{"line":16,"column":2},"end":{"line":18,"column":3}}}},"branchMap":{"0":{"loc":{"start":{"line":4,"column":31},"end":{"line":4,"column":74}},"type":"default-arg","locations":[{"start":{"line":4,"column":52},"end":{"line":4,"column":74}}]}},"s":{"0":0,"1":0,"2":0,"3":0,"4":0,"5":0,"6":0},"f":{"0":0,"1":0,"2":0},"b":{"0":[0]}}
,"/Users/juancarlosguerra/Dev/test/nestjs-backoffice-api/src/common/guards/auth.guard.ts": {"path":"/Users/juancarlosguerra/Dev/test/nestjs-backoffice-api/src/common/guards/auth.guard.ts","statementMap":{"0":{"start":{"line":1,"column":0},"end":{"line":1,"column":75}},"1":{"start":{"line":5,"column":7},"end":{"line":20,"column":null}},"2":{"start":{"line":9,"column":20},"end":{"line":9,"column":55}},"3":{"start":{"line":12,"column":4},"end":{"line":12,"column":41}},"4":{"start":{"line":17,"column":23},"end":{"line":17,"column":52}},"5":{"start":{"line":18,"column":4},"end":{"line":18,"column":58}},"6":{"start":{"line":5,"column":13},"end":{"line":5,"column":22}},"7":{"start":{"line":5,"column":13},"end":{"line":20,"column":null}}},"fnMap":{"0":{"name":"(anonymous_1)","decl":{"start":{"line":6,"column":2},"end":{"line":6,"column":13}},"loc":{"start":{"line":7,"column":29},"end":{"line":13,"column":3}}},"1":{"name":"(anonymous_2)","decl":{"start":{"line":15,"column":10},"end":{"line":15,"column":25}},"loc":{"start":{"line":15,"column":38},"end":{"line":19,"column":3}}}},"branchMap":{"0":{"loc":{"start":{"line":18,"column":11},"end":{"line":18,"column":57}},"type":"binary-expr","locations":[{"start":{"line":18,"column":11},"end":{"line":18,"column":21}},{"start":{"line":18,"column":25},"end":{"line":18,"column":57}}]}},"s":{"0":0,"1":0,"2":0,"3":0,"4":0,"5":0,"6":0,"7":0},"f":{"0":0,"1":0},"b":{"0":[0,0]}}
,"/Users/juancarlosguerra/Dev/test/nestjs-backoffice-api/src/config/database.config.ts": {"path":"/Users/juancarlosguerra/Dev/test/nestjs-backoffice-api/src/config/database.config.ts","statementMap":{"0":{"start":{"line":1,"column":0},"end":{"line":1,"column":44}},"1":{"start":{"line":4,"column":0},"end":{"line":19,"column":2}},"2":{"start":{"line":6,"column":31},"end":{"line":18,"column":4}}},"fnMap":{"0":{"name":"(anonymous_0)","decl":{"start":{"line":6,"column":2},"end":{"line":6,"column":27}},"loc":{"start":{"line":6,"column":31},"end":{"line":18,"column":4}}}},"branchMap":{"0":{"loc":{"start":{"line":8,"column":10},"end":{"line":8,"column":44}},"type":"binary-expr","locations":[{"start":{"line":8,"column":10},"end":{"line":8,"column":29}},{"start":{"line":8,"column":33},"end":{"line":8,"column":44}}]},"1":{"loc":{"start":{"line":9,"column":19},"end":{"line":9,"column":48}},"type":"binary-expr","locations":[{"start":{"line":9,"column":19},"end":{"line":9,"column":38}},{"start":{"line":9,"column":42},"end":{"line":9,"column":48}}]},"2":{"loc":{"start":{"line":10,"column":14},"end":{"line":10,"column":51}},"type":"binary-expr","locations":[{"start":{"line":10,"column":14},"end":{"line":10,"column":37}},{"start":{"line":10,"column":41},"end":{"line":10,"column":51}}]},"3":{"loc":{"start":{"line":11,"column":14},"end":{"line":11,"column":54}},"type":"binary-expr","locations":[{"start":{"line":11,"column":14},"end":{"line":11,"column":37}},{"start":{"line":11,"column":41},"end":{"line":11,"column":54}}]},"4":{"loc":{"start":{"line":12,"column":14},"end":{"line":12,"column":56}},"type":"binary-expr","locations":[{"start":{"line":12,"column":14},"end":{"line":12,"column":33}},{"start":{"line":12,"column":37},"end":{"line":12,"column":56}}]}},"s":{"0":0,"1":0,"2":0},"f":{"0":0},"b":{"0":[0,0],"1":[0,0],"2":[0,0],"3":[0,0],"4":[0,0]}}
,"/Users/juancarlosguerra/Dev/test/nestjs-backoffice-api/src/config/jwt.config.ts": {"path":"/Users/juancarlosguerra/Dev/test/nestjs-backoffice-api/src/config/jwt.config.ts","statementMap":{"0":{"start":{"line":1,"column":0},"end":{"line":1,"column":44}},"1":{"start":{"line":4,"column":0},"end":{"line":12,"column":2}},"2":{"start":{"line":6,"column":27},"end":{"line":11,"column":4}}},"fnMap":{"0":{"name":"(anonymous_0)","decl":{"start":{"line":6,"column":2},"end":{"line":6,"column":23}},"loc":{"start":{"line":6,"column":27},"end":{"line":11,"column":4}}}},"branchMap":{"0":{"loc":{"start":{"line":7,"column":12},"end":{"line":7,"column":86}},"type":"binary-expr","locations":[{"start":{"line":7,"column":12},"end":{"line":7,"column":34}},{"start":{"line":7,"column":38},"end":{"line":7,"column":86}}]},"1":{"loc":{"start":{"line":9,"column":17},"end":{"line":9,"column":51}},"type":"binary-expr","locations":[{"start":{"line":9,"column":17},"end":{"line":9,"column":43}},{"start":{"line":9,"column":47},"end":{"line":9,"column":51}}]}},"s":{"0":0,"1":0,"2":0},"f":{"0":0},"b":{"0":[0,0],"1":[0,0]}}
,"/Users/juancarlosguerra/Dev/test/nestjs-backoffice-api/src/config/test-database.config.ts": {"path":"/Users/juancarlosguerra/Dev/test/nestjs-backoffice-api/src/config/test-database.config.ts","statementMap":{"0":{"start":{"line":4,"column":37},"end":{"line":22,"column":1}},"1":{"start":{"line":5,"column":16},"end":{"line":5,"column":81}},"2":{"start":{"line":7,"column":2},"end":{"line":21,"column":4}},"3":{"start":{"line":4,"column":13},"end":{"line":4,"column":37}},"4":{"start":{"line":25,"column":45},"end":{"line":32,"column":2}},"5":{"start":{"line":25,"column":74},"end":{"line":32,"column":2}},"6":{"start":{"line":25,"column":13},"end":{"line":25,"column":45}}},"fnMap":{"0":{"name":"(anonymous_0)","decl":{"start":{"line":4,"column":37},"end":{"line":4,"column":38}},"loc":{"start":{"line":4,"column":93},"end":{"line":22,"column":1}}},"1":{"name":"(anonymous_1)","decl":{"start":{"line":25,"column":45},"end":{"line":25,"column":70}},"loc":{"start":{"line":25,"column":74},"end":{"line":32,"column":2}}}},"branchMap":{"0":{"loc":{"start":{"line":5,"column":16},"end":{"line":5,"column":81}},"type":"binary-expr","locations":[{"start":{"line":5,"column":16},"end":{"line":5,"column":47}},{"start":{"line":5,"column":51},"end":{"line":5,"column":81}}]},"1":{"loc":{"start":{"line":9,"column":10},"end":{"line":9,"column":67}},"type":"binary-expr","locations":[{"start":{"line":9,"column":10},"end":{"line":9,"column":52}},{"start":{"line":9,"column":56},"end":{"line":9,"column":67}}]},"2":{"loc":{"start":{"line":10,"column":10},"end":{"line":10,"column":53}},"type":"binary-expr","locations":[{"start":{"line":10,"column":10},"end":{"line":10,"column":45}},{"start":{"line":10,"column":49},"end":{"line":10,"column":53}}]},"3":{"loc":{"start":{"line":11,"column":14},"end":{"line":11,"column":73}},"type":"binary-expr","locations":[{"start":{"line":11,"column":14},"end":{"line":11,"column":59}},{"start":{"line":11,"column":63},"end":{"line":11,"column":73}}]},"4":{"loc":{"start":{"line":12,"column":14},"end":{"line":12,"column":79}},"type":"binary-expr","locations":[{"start":{"line":12,"column":14},"end":{"line":12,"column":62}},{"start":{"line":12,"column":66},"end":{"line":12,"column":79}}]},"5":{"loc":{"start":{"line":13,"column":14},"end":{"line":15,"column":91}},"type":"cond-expr","locations":[{"start":{"line":14,"column":8},"end":{"line":14,"column":95}},{"start":{"line":15,"column":8},"end":{"line":15,"column":91}}]},"6":{"loc":{"start":{"line":14,"column":11},"end":{"line":14,"column":84}},"type":"binary-expr","locations":[{"start":{"line":14,"column":11},"end":{"line":14,"column":61}},{"start":{"line":14,"column":65},"end":{"line":14,"column":84}}]},"7":{"loc":{"start":{"line":15,"column":11},"end":{"line":15,"column":84}},"type":"binary-expr","locations":[{"start":{"line":15,"column":11},"end":{"line":15,"column":61}},{"start":{"line":15,"column":65},"end":{"line":15,"column":84}}]}},"s":{"0":0,"1":0,"2":0,"3":0,"4":0,"5":0,"6":0},"f":{"0":0,"1":0},"b":{"0":[0,0],"1":[0,0],"2":[0,0],"3":[0,0],"4":[0,0],"5":[0,0],"6":[0,0],"7":[0,0]}}
,"/Users/juancarlosguerra/Dev/test/nestjs-backoffice-api/src/database/database.module.ts": {"path":"/Users/juancarlosguerra/Dev/test/nestjs-backoffice-api/src/database/database.module.ts","statementMap":{"0":{"start":{"line":1,"column":0},"end":{"line":1,"column":40}},"1":{"start":{"line":2,"column":0},"end":{"line":2,"column":49}},"2":{"start":{"line":3,"column":0},"end":{"line":3,"column":60}},"3":{"start":{"line":10,"column":7},"end":{"line":10,"column":null}},"4":{"start":{"line":10,"column":13},"end":{"line":10,"column":27}},"5":{"start":{"line":10,"column":13},"end":{"line":10,"column":null}}},"fnMap":{},"branchMap":{},"s":{"0":0,"1":0,"2":0,"3":0,"4":0,"5":0},"f":{},"b":{}}
,"/Users/juancarlosguerra/Dev/test/nestjs-backoffice-api/src/database/factories/user.factory.ts": {"path":"/Users/juancarlosguerra/Dev/test/nestjs-backoffice-api/src/database/factories/user.factory.ts","statementMap":{"0":{"start":{"line":1,"column":0},"end":{"line":1,"column":64}},"1":{"start":{"line":2,"column":0},"end":{"line":2,"column":61}},"2":{"start":{"line":6,"column":24},"end":{"line":16,"column":6}},"3":{"start":{"line":18,"column":4},"end":{"line":18,"column":54}},"4":{"start":{"line":22,"column":4},"end":{"line":27,"column":6}},"5":{"start":{"line":23,"column":6},"end":{"line":26,"column":8}},"6":{"start":{"line":31,"column":4},"end":{"line":34,"column":7}},"7":{"start":{"line":4,"column":0},"end":{"line":4,"column":13}}},"fnMap":{"0":{"name":"(anonymous_0)","decl":{"start":{"line":5,"column":2},"end":{"line":5,"column":8}},"loc":{"start":{"line":5,"column":45},"end":{"line":19,"column":3}}},"1":{"name":"(anonymous_1)","decl":{"start":{"line":21,"column":2},"end":{"line":21,"column":8}},"loc":{"start":{"line":21,"column":64},"end":{"line":28,"column":3}}},"2":{"name":"(anonymous_2)","decl":{"start":{"line":22,"column":41},"end":{"line":22,"column":42}},"loc":{"start":{"line":23,"column":6},"end":{"line":26,"column":8}}},"3":{"name":"(anonymous_3)","decl":{"start":{"line":30,"column":2},"end":{"line":30,"column":8}},"loc":{"start":{"line":30,"column":50},"end":{"line":35,"column":3}}}},"branchMap":{"0":{"loc":{"start":{"line":5,"column":16},"end":{"line":5,"column":45}},"type":"default-arg","locations":[{"start":{"line":5,"column":43},"end":{"line":5,"column":45}}]},"1":{"loc":{"start":{"line":21,"column":35},"end":{"line":21,"column":64}},"type":"default-arg","locations":[{"start":{"line":21,"column":62},"end":{"line":21,"column":64}}]},"2":{"loc":{"start":{"line":30,"column":21},"end":{"line":30,"column":50}},"type":"default-arg","locations":[{"start":{"line":30,"column":48},"end":{"line":30,"column":50}}]}},"s":{"0":0,"1":0,"2":0,"3":0,"4":0,"5":0,"6":0,"7":0},"f":{"0":0,"1":0,"2":0,"3":0},"b":{"0":[0],"1":[0],"2":[0]}}
,"/Users/juancarlosguerra/Dev/test/nestjs-backoffice-api/src/modules/auth/auth.module.ts": {"path":"/Users/juancarlosguerra/Dev/test/nestjs-backoffice-api/src/modules/auth/auth.module.ts","statementMap":{"0":{"start":{"line":1,"column":0},"end":{"line":1,"column":52}},"1":{"start":{"line":2,"column":0},"end":{"line":2,"column":61}},"2":{"start":{"line":3,"column":0},"end":{"line":3,"column":40}},"3":{"start":{"line":4,"column":0},"end":{"line":4,"column":50}},"4":{"start":{"line":5,"column":0},"end":{"line":5,"column":63}},"5":{"start":{"line":6,"column":0},"end":{"line":6,"column":54}},"6":{"start":{"line":7,"column":0},"end":{"line":7,"column":56}},"7":{"start":{"line":8,"column":0},"end":{"line":8,"column":60}},"8":{"start":{"line":9,"column":0},"end":{"line":9,"column":50}},"9":{"start":{"line":10,"column":0},"end":{"line":10,"column":55}},"10":{"start":{"line":11,"column":0},"end":{"line":11,"column":52}},"11":{"start":{"line":12,"column":0},"end":{"line":12,"column":48}},"12":{"start":{"line":44,"column":7},"end":{"line":44,"column":null}},"13":{"start":{"line":44,"column":13},"end":{"line":44,"column":23}},"14":{"start":{"line":44,"column":13},"end":{"line":44,"column":null}},"15":{"start":{"line":16,"column":21},"end":{"line":16,"column":32}},"16":{"start":{"line":20,"column":59},"end":{"line":23,"column":8}}},"fnMap":{"0":{"name":"(anonymous_1)","decl":{"start":{"line":16,"column":15},"end":{"line":16,"column":18}},"loc":{"start":{"line":16,"column":21},"end":{"line":16,"column":32}}},"1":{"name":"(anonymous_2)","decl":{"start":{"line":20,"column":18},"end":{"line":20,"column":23}},"loc":{"start":{"line":20,"column":59},"end":{"line":23,"column":8}}}},"branchMap":{},"s":{"0":0,"1":0,"2":0,"3":0,"4":0,"5":0,"6":0,"7":0,"8":0,"9":0,"10":0,"11":0,"12":0,"13":0,"14":0,"15":0,"16":0},"f":{"0":0,"1":0},"b":{}}
,"/Users/juancarlosguerra/Dev/test/nestjs-backoffice-api/src/modules/auth/controllers/auth.controller.ts": {"path":"/Users/juancarlosguerra/Dev/test/nestjs-backoffice-api/src/modules/auth/controllers/auth.controller.ts","statementMap":{"0":{"start":{"line":1,"column":0},"end":{"line":1,"column":null}},"1":{"start":{"line":11,"column":0},"end":{"line":11,"column":45}},"2":{"start":{"line":12,"column":0},"end":{"line":12,"column":null}},"3":{"start":{"line":21,"column":0},"end":{"line":21,"column":55}},"4":{"start":{"line":22,"column":0},"end":{"line":22,"column":44}},"5":{"start":{"line":23,"column":0},"end":{"line":23,"column":50}},"6":{"start":{"line":29,"column":7},"end":{"line":160,"column":null}},"7":{"start":{"line":30,"column":31},"end":{"line":30,"column":44}},"8":{"start":{"line":67,"column":4},"end":{"line":67,"column":44}},"9":{"start":{"line":104,"column":4},"end":{"line":104,"column":50}},"10":{"start":{"line":133,"column":4},"end":{"line":133,"column":49}},"11":{"start":{"line":158,"column":4},"end":{"line":158,"column":41}},"12":{"start":{"line":29,"column":13},"end":{"line":29,"column":27}},"13":{"start":{"line":66,"column":8},"end":{"line":68,"column":null}},"14":{"start":{"line":103,"column":8},"end":{"line":105,"column":null}},"15":{"start":{"line":132,"column":8},"end":{"line":134,"column":null}},"16":{"start":{"line":155,"column":8},"end":{"line":159,"column":null}},"17":{"start":{"line":29,"column":13},"end":{"line":160,"column":null}}},"fnMap":{"0":{"name":"(anonymous_4)","decl":{"start":{"line":30,"column":2},"end":{"line":30,"column":31}},"loc":{"start":{"line":30,"column":55},"end":{"line":30,"column":59}}},"1":{"name":"(anonymous_5)","decl":{"start":{"line":66,"column":2},"end":{"line":66,"column":7}},"loc":{"start":{"line":66,"column":40},"end":{"line":68,"column":3}}},"2":{"name":"(anonymous_6)","decl":{"start":{"line":103,"column":2},"end":{"line":103,"column":7}},"loc":{"start":{"line":103,"column":49},"end":{"line":105,"column":3}}},"3":{"name":"(anonymous_7)","decl":{"start":{"line":132,"column":2},"end":{"line":132,"column":7}},"loc":{"start":{"line":132,"column":49},"end":{"line":134,"column":3}}},"4":{"name":"(anonymous_8)","decl":{"start":{"line":155,"column":2},"end":{"line":155,"column":7}},"loc":{"start":{"line":155,"column":14},"end":{"line":159,"column":3}}}},"branchMap":{},"s":{"0":0,"1":0,"2":0,"3":0,"4":0,"5":0,"6":0,"7":0,"8":0,"9":0,"10":0,"11":0,"12":0,"13":0,"14":0,"15":0,"16":0,"17":0},"f":{"0":0,"1":0,"2":0,"3":0,"4":0},"b":{}}
,"/Users/juancarlosguerra/Dev/test/nestjs-backoffice-api/src/modules/auth/guards/jwt-auth.guard.ts": {"path":"/Users/juancarlosguerra/Dev/test/nestjs-backoffice-api/src/modules/auth/guards/jwt-auth.guard.ts","statementMap":{"0":{"start":{"line":1,"column":0},"end":{"line":1,"column":44}},"1":{"start":{"line":2,"column":0},"end":{"line":2,"column":45}},"2":{"start":{"line":5,"column":7},"end":{"line":5,"column":null}},"3":{"start":{"line":5,"column":13},"end":{"line":5,"column":25}},"4":{"start":{"line":5,"column":13},"end":{"line":5,"column":null}}},"fnMap":{},"branchMap":{},"s":{"0":1,"1":1,"2":1,"3":1,"4":1},"f":{},"b":{}}
,"/Users/juancarlosguerra/Dev/test/nestjs-backoffice-api/src/modules/auth/guards/roles.guard.ts": {"path":"/Users/juancarlosguerra/Dev/test/nestjs-backoffice-api/src/modules/auth/guards/roles.guard.ts","statementMap":{"0":{"start":{"line":1,"column":0},"end":{"line":1,"column":75}},"1":{"start":{"line":2,"column":0},"end":{"line":2,"column":41}},"2":{"start":{"line":4,"column":0},"end":{"line":4,"column":71}},"3":{"start":{"line":8,"column":7},"end":{"line":29,"column":null}},"4":{"start":{"line":9,"column":22},"end":{"line":9,"column":33}},"5":{"start":{"line":12,"column":26},"end":{"line":15,"column":6}},"6":{"start":{"line":17,"column":4},"end":{"line":19,"column":5}},"7":{"start":{"line":18,"column":6},"end":{"line":18,"column":18}},"8":{"start":{"line":21,"column":37},"end":{"line":21,"column":72}},"9":{"start":{"line":23,"column":4},"end":{"line":25,"column":5}},"10":{"start":{"line":24,"column":6},"end":{"line":24,"column":19}},"11":{"start":{"line":27,"column":4},"end":{"line":27,"column":60}},"12":{"start":{"line":27,"column":40},"end":{"line":27,"column":58}},"13":{"start":{"line":8,"column":13},"end":{"line":8,"column":23}},"14":{"start":{"line":8,"column":13},"end":{"line":29,"column":null}}},"fnMap":{"0":{"name":"(anonymous_2)","decl":{"start":{"line":9,"column":2},"end":{"line":9,"column":22}},"loc":{"start":{"line":9,"column":42},"end":{"line":9,"column":46}}},"1":{"name":"(anonymous_3)","decl":{"start":{"line":11,"column":2},"end":{"line":11,"column":13}},"loc":{"start":{"line":11,"column":39},"end":{"line":28,"column":3}}},"2":{"name":"(anonymous_4)","decl":{"start":{"line":27,"column":30},"end":{"line":27,"column":31}},"loc":{"start":{"line":27,"column":40},"end":{"line":27,"column":58}}}},"branchMap":{"0":{"loc":{"start":{"line":17,"column":4},"end":{"line":19,"column":5}},"type":"if","locations":[{"start":{"line":17,"column":4},"end":{"line":19,"column":5}}]},"1":{"loc":{"start":{"line":23,"column":4},"end":{"line":25,"column":5}},"type":"if","locations":[{"start":{"line":23,"column":4},"end":{"line":25,"column":5}}]}},"s":{"0":0,"1":0,"2":0,"3":0,"4":0,"5":0,"6":0,"7":0,"8":0,"9":0,"10":0,"11":0,"12":0,"13":0,"14":0},"f":{"0":0,"1":0,"2":0},"b":{"0":[0],"1":[0]}}
,"/Users/juancarlosguerra/Dev/test/nestjs-backoffice-api/src/modules/auth/services/auth.service.ts": {"path":"/Users/juancarlosguerra/Dev/test/nestjs-backoffice-api/src/modules/auth/services/auth.service.ts","statementMap":{"0":{"start":{"line":1,"column":0},"end":{"line":1,"column":86}},"1":{"start":{"line":2,"column":0},"end":{"line":2,"column":41}},"2":{"start":{"line":3,"column":0},"end":{"line":3,"column":47}},"3":{"start":{"line":4,"column":0},"end":{"line":4,"column":66}},"4":{"start":{"line":12,"column":7},"end":{"line":113,"column":null}},"5":{"start":{"line":14,"column":21},"end":{"line":14,"column":35}},"6":{"start":{"line":15,"column":21},"end":{"line":15,"column":33}},"7":{"start":{"line":16,"column":21},"end":{"line":16,"column":36}},"8":{"start":{"line":20,"column":17},"end":{"line":20,"column":59}},"9":{"start":{"line":22,"column":4},"end":{"line":24,"column":5}},"10":{"start":{"line":23,"column":6},"end":{"line":23,"column":18}},"11":{"start":{"line":26,"column":4},"end":{"line":26,"column":16}},"12":{"start":{"line":30,"column":17},"end":{"line":30,"column":75}},"13":{"start":{"line":32,"column":4},"end":{"line":34,"column":5}},"14":{"start":{"line":33,"column":6},"end":{"line":33,"column":64}},"15":{"start":{"line":36,"column":4},"end":{"line":38,"column":5}},"16":{"start":{"line":37,"column":6},"end":{"line":37,"column":58}},"17":{"start":{"line":40,"column":4},"end":{"line":40,"column":44}},"18":{"start":{"line":45,"column":25},"end":{"line":45,"column":79}},"19":{"start":{"line":47,"column":4},"end":{"line":49,"column":5}},"20":{"start":{"line":48,"column":6},"end":{"line":48,"column":61}},"21":{"start":{"line":52,"column":17},"end":{"line":52,"column":60}},"22":{"start":{"line":54,"column":4},"end":{"line":54,"column":44}},"23":{"start":{"line":58,"column":4},"end":{"line":67,"column":6}},"24":{"start":{"line":71,"column":32},"end":{"line":75,"column":6}},"25":{"start":{"line":77,"column":25},"end":{"line":77,"column":54}},"26":{"start":{"line":79,"column":4},"end":{"line":93,"column":6}},"27":{"start":{"line":97,"column":22},"end":{"line":97,"column":89}},"28":{"start":{"line":100,"column":4},"end":{"line":108,"column":5}},"29":{"start":{"line":101,"column":6},"end":{"line":101,"column":48}},"30":{"start":{"line":102,"column":11},"end":{"line":108,"column":5}},"31":{"start":{"line":103,"column":6},"end":{"line":103,"column":43}},"32":{"start":{"line":104,"column":11},"end":{"line":108,"column":5}},"33":{"start":{"line":105,"column":6},"end":{"line":105,"column":38}},"34":{"start":{"line":106,"column":11},"end":{"line":108,"column":5}},"35":{"start":{"line":107,"column":6},"end":{"line":107,"column":33}},"36":{"start":{"line":111,"column":4},"end":{"line":111,"column":24}},"37":{"start":{"line":12,"column":13},"end":{"line":12,"column":24}},"38":{"start":{"line":12,"column":13},"end":{"line":113,"column":null}}},"fnMap":{"0":{"name":"(anonymous_2)","decl":{"start":{"line":13,"column":2},"end":{"line":13,"column":null}},"loc":{"start":{"line":16,"column":49},"end":{"line":17,"column":6}}},"1":{"name":"(anonymous_3)","decl":{"start":{"line":19,"column":2},"end":{"line":19,"column":7}},"loc":{"start":{"line":19,"column":52},"end":{"line":27,"column":3}}},"2":{"name":"(anonymous_4)","decl":{"start":{"line":29,"column":2},"end":{"line":29,"column":7}},"loc":{"start":{"line":29,"column":32},"end":{"line":41,"column":3}}},"3":{"name":"(anonymous_5)","decl":{"start":{"line":43,"column":2},"end":{"line":43,"column":7}},"loc":{"start":{"line":43,"column":41},"end":{"line":55,"column":3}}},"4":{"name":"(anonymous_6)","decl":{"start":{"line":57,"column":2},"end":{"line":57,"column":7}},"loc":{"start":{"line":57,"column":29},"end":{"line":68,"column":3}}},"5":{"name":"(anonymous_7)","decl":{"start":{"line":70,"column":10},"end":{"line":70,"column":31}},"loc":{"start":{"line":70,"column":42},"end":{"line":94,"column":3}}},"6":{"name":"(anonymous_8)","decl":{"start":{"line":96,"column":10},"end":{"line":96,"column":27}},"loc":{"start":{"line":96,"column":27},"end":{"line":112,"column":3}}}},"branchMap":{"0":{"loc":{"start":{"line":22,"column":4},"end":{"line":24,"column":5}},"type":"if","locations":[{"start":{"line":22,"column":4},"end":{"line":24,"column":5}}]},"1":{"loc":{"start":{"line":22,"column":8},"end":{"line":22,"column":53}},"type":"binary-expr","locations":[{"start":{"line":22,"column":8},"end":{"line":22,"column":12}},{"start":{"line":22,"column":16},"end":{"line":22,"column":53}}]},"2":{"loc":{"start":{"line":32,"column":4},"end":{"line":34,"column":5}},"type":"if","locations":[{"start":{"line":32,"column":4},"end":{"line":34,"column":5}}]},"3":{"loc":{"start":{"line":36,"column":4},"end":{"line":38,"column":5}},"type":"if","locations":[{"start":{"line":36,"column":4},"end":{"line":38,"column":5}}]},"4":{"loc":{"start":{"line":47,"column":4},"end":{"line":49,"column":5}},"type":"if","locations":[{"start":{"line":47,"column":4},"end":{"line":49,"column":5}}]},"5":{"loc":{"start":{"line":97,"column":22},"end":{"line":97,"column":89}},"type":"binary-expr","locations":[{"start":{"line":97,"column":22},"end":{"line":97,"column":81}},{"start":{"line":97,"column":85},"end":{"line":97,"column":89}}]},"6":{"loc":{"start":{"line":100,"column":4},"end":{"line":108,"column":5}},"type":"if","locations":[{"start":{"line":100,"column":4},"end":{"line":108,"column":5}},{"start":{"line":102,"column":11},"end":{"line":108,"column":5}}]},"7":{"loc":{"start":{"line":102,"column":11},"end":{"line":108,"column":5}},"type":"if","locations":[{"start":{"line":102,"column":11},"end":{"line":108,"column":5}},{"start":{"line":104,"column":11},"end":{"line":108,"column":5}}]},"8":{"loc":{"start":{"line":104,"column":11},"end":{"line":108,"column":5}},"type":"if","locations":[{"start":{"line":104,"column":11},"end":{"line":108,"column":5}},{"start":{"line":106,"column":11},"end":{"line":108,"column":5}}]},"9":{"loc":{"start":{"line":106,"column":11},"end":{"line":108,"column":5}},"type":"if","locations":[{"start":{"line":106,"column":11},"end":{"line":108,"column":5}}]}},"s":{"0":1,"1":1,"2":1,"3":1,"4":1,"5":9,"6":9,"7":9,"8":3,"9":3,"10":1,"11":2,"12":3,"13":3,"14":1,"15":2,"16":1,"17":1,"18":2,"19":2,"20":1,"21":1,"22":1,"23":1,"24":2,"25":2,"26":2,"27":2,"28":2,"29":2,"30":0,"31":0,"32":0,"33":0,"34":0,"35":0,"36":0,"37":1,"38":1},"f":{"0":9,"1":3,"2":3,"3":2,"4":1,"5":2,"6":2},"b":{"0":[1],"1":[3,2],"2":[1],"3":[1],"4":[1],"5":[2,0],"6":[2,0],"7":[0,0],"8":[0,0],"9":[0]}}
,"/Users/juancarlosguerra/Dev/test/nestjs-backoffice-api/src/modules/auth/strategies/jwt.strategy.ts": {"path":"/Users/juancarlosguerra/Dev/test/nestjs-backoffice-api/src/modules/auth/strategies/jwt.strategy.ts","statementMap":{"0":{"start":{"line":1,"column":0},"end":{"line":1,"column":67}},"1":{"start":{"line":2,"column":0},"end":{"line":2,"column":47}},"2":{"start":{"line":3,"column":0},"end":{"line":3,"column":52}},"3":{"start":{"line":4,"column":0},"end":{"line":4,"column":52}},"4":{"start":{"line":5,"column":0},"end":{"line":5,"column":66}},"5":{"start":{"line":10,"column":7},"end":{"line":35,"column":null}},"6":{"start":{"line":15,"column":4},"end":{"line":19,"column":7}},"7":{"start":{"line":12,"column":21},"end":{"line":12,"column":36}},"8":{"start":{"line":13,"column":21},"end":{"line":13,"column":35}},"9":{"start":{"line":23,"column":17},"end":{"line":23,"column":61}},"10":{"start":{"line":25,"column":4},"end":{"line":27,"column":5}},"11":{"start":{"line":26,"column":6},"end":{"line":26,"column":56}},"12":{"start":{"line":29,"column":4},"end":{"line":31,"column":5}},"13":{"start":{"line":30,"column":6},"end":{"line":30,"column":58}},"14":{"start":{"line":33,"column":4},"end":{"line":33,"column":16}},"15":{"start":{"line":10,"column":13},"end":{"line":10,"column":24}},"16":{"start":{"line":10,"column":13},"end":{"line":35,"column":null}}},"fnMap":{"0":{"name":"(anonymous_2)","decl":{"start":{"line":11,"column":2},"end":{"line":11,"column":null}},"loc":{"start":{"line":13,"column":47},"end":{"line":20,"column":3}}},"1":{"name":"(anonymous_3)","decl":{"start":{"line":22,"column":2},"end":{"line":22,"column":7}},"loc":{"start":{"line":22,"column":36},"end":{"line":34,"column":3}}}},"branchMap":{"0":{"loc":{"start":{"line":18,"column":19},"end":{"line":18,"column":78}},"type":"binary-expr","locations":[{"start":{"line":18,"column":19},"end":{"line":18,"column":58}},{"start":{"line":18,"column":62},"end":{"line":18,"column":78}}]},"1":{"loc":{"start":{"line":25,"column":4},"end":{"line":27,"column":5}},"type":"if","locations":[{"start":{"line":25,"column":4},"end":{"line":27,"column":5}}]},"2":{"loc":{"start":{"line":29,"column":4},"end":{"line":31,"column":5}},"type":"if","locations":[{"start":{"line":29,"column":4},"end":{"line":31,"column":5}}]}},"s":{"0":0,"1":0,"2":0,"3":0,"4":0,"5":0,"6":0,"7":0,"8":0,"9":0,"10":0,"11":0,"12":0,"13":0,"14":0,"15":0,"16":0},"f":{"0":0,"1":0},"b":{"0":[0,0],"1":[0],"2":[0]}}
,"/Users/juancarlosguerra/Dev/test/nestjs-backoffice-api/src/modules/auth/strategies/local.strategy.ts": {"path":"/Users/juancarlosguerra/Dev/test/nestjs-backoffice-api/src/modules/auth/strategies/local.strategy.ts","statementMap":{"0":{"start":{"line":1,"column":0},"end":{"line":1,"column":67}},"1":{"start":{"line":2,"column":0},"end":{"line":2,"column":52}},"2":{"start":{"line":3,"column":0},"end":{"line":3,"column":42}},"3":{"start":{"line":4,"column":0},"end":{"line":4,"column":55}},"4":{"start":{"line":8,"column":7},"end":{"line":24,"column":null}},"5":{"start":{"line":10,"column":4},"end":{"line":12,"column":7}},"6":{"start":{"line":9,"column":31},"end":{"line":9,"column":44}},"7":{"start":{"line":16,"column":17},"end":{"line":16,"column":69}},"8":{"start":{"line":18,"column":4},"end":{"line":20,"column":5}},"9":{"start":{"line":19,"column":6},"end":{"line":19,"column":64}},"10":{"start":{"line":22,"column":4},"end":{"line":22,"column":16}},"11":{"start":{"line":8,"column":13},"end":{"line":8,"column":26}},"12":{"start":{"line":8,"column":13},"end":{"line":24,"column":null}}},"fnMap":{"0":{"name":"(anonymous_2)","decl":{"start":{"line":9,"column":2},"end":{"line":9,"column":31}},"loc":{"start":{"line":9,"column":55},"end":{"line":13,"column":3}}},"1":{"name":"(anonymous_3)","decl":{"start":{"line":15,"column":2},"end":{"line":15,"column":7}},"loc":{"start":{"line":15,"column":48},"end":{"line":23,"column":3}}}},"branchMap":{"0":{"loc":{"start":{"line":18,"column":4},"end":{"line":20,"column":5}},"type":"if","locations":[{"start":{"line":18,"column":4},"end":{"line":20,"column":5}}]}},"s":{"0":0,"1":0,"2":0,"3":0,"4":0,"5":0,"6":0,"7":0,"8":0,"9":0,"10":0,"11":0,"12":0},"f":{"0":0,"1":0},"b":{"0":[0]}}
,"/Users/juancarlosguerra/Dev/test/nestjs-backoffice-api/src/modules/users/users.module.ts": {"path":"/Users/juancarlosguerra/Dev/test/nestjs-backoffice-api/src/modules/users/users.module.ts","statementMap":{"0":{"start":{"line":1,"column":0},"end":{"line":1,"column":40}},"1":{"start":{"line":2,"column":0},"end":{"line":2,"column":48}},"2":{"start":{"line":3,"column":0},"end":{"line":3,"column":56}},"3":{"start":{"line":4,"column":0},"end":{"line":4,"column":65}},"4":{"start":{"line":5,"column":0},"end":{"line":5,"column":64}},"5":{"start":{"line":6,"column":0},"end":{"line":6,"column":46}},"6":{"start":{"line":25,"column":7},"end":{"line":25,"column":null}},"7":{"start":{"line":25,"column":13},"end":{"line":25,"column":24}},"8":{"start":{"line":25,"column":13},"end":{"line":25,"column":null}}},"fnMap":{},"branchMap":{},"s":{"0":0,"1":0,"2":0,"3":0,"4":0,"5":0,"6":0,"7":0,"8":0},"f":{},"b":{}}
,"/Users/juancarlosguerra/Dev/test/nestjs-backoffice-api/src/modules/users/controllers/users.controller.ts": {"path":"/Users/juancarlosguerra/Dev/test/nestjs-backoffice-api/src/modules/users/controllers/users.controller.ts","statementMap":{"0":{"start":{"line":1,"column":0},"end":{"line":1,"column":null}},"1":{"start":{"line":13,"column":0},"end":{"line":13,"column":null}},"2":{"start":{"line":24,"column":0},"end":{"line":24,"column":55}},"3":{"start":{"line":25,"column":0},"end":{"line":25,"column":55}},"4":{"start":{"line":26,"column":0},"end":{"line":26,"column":67}},"5":{"start":{"line":27,"column":0},"end":{"line":27,"column":64}},"6":{"start":{"line":37,"column":0},"end":{"line":37,"column":52}},"7":{"start":{"line":43,"column":7},"end":{"line":274,"column":null}},"8":{"start":{"line":46,"column":21},"end":{"line":46,"column":48}},"9":{"start":{"line":74,"column":17},"end":{"line":74,"column":62}},"10":{"start":{"line":75,"column":4},"end":{"line":75,"column":39}},"11":{"start":{"line":115,"column":4},"end":{"line":117,"column":5}},"12":{"start":{"line":116,"column":6},"end":{"line":116,"column":76}},"13":{"start":{"line":118,"column":4},"end":{"line":118,"column":26}},"14":{"start":{"line":122,"column":18},"end":{"line":122,"column":51}},"15":{"start":{"line":123,"column":4},"end":{"line":123,"column":45}},"16":{"start":{"line":127,"column":27},"end":{"line":127,"column":80}},"17":{"start":{"line":128,"column":4},"end":{"line":128,"column":58}},"18":{"start":{"line":157,"column":18},"end":{"line":157,"column":59}},"19":{"start":{"line":158,"column":4},"end":{"line":158,"column":45}},"20":{"start":{"line":189,"column":18},"end":{"line":189,"column":58}},"21":{"start":{"line":190,"column":4},"end":{"line":190,"column":45}},"22":{"start":{"line":218,"column":17},"end":{"line":218,"column":52}},"23":{"start":{"line":219,"column":4},"end":{"line":219,"column":39}},"24":{"start":{"line":249,"column":17},"end":{"line":249,"column":66}},"25":{"start":{"line":250,"column":4},"end":{"line":250,"column":39}},"26":{"start":{"line":271,"column":4},"end":{"line":271,"column":39}},"27":{"start":{"line":272,"column":4},"end":{"line":272,"column":41}},"28":{"start":{"line":43,"column":13},"end":{"line":43,"column":28}},"29":{"start":{"line":73,"column":8},"end":{"line":76,"column":null}},"30":{"start":{"line":114,"column":8},"end":{"line":119,"column":null}},"31":{"start":{"line":156,"column":8},"end":{"line":159,"column":null}},"32":{"start":{"line":188,"column":8},"end":{"line":191,"column":null}},"33":{"start":{"line":217,"column":8},"end":{"line":220,"column":null}},"34":{"start":{"line":248,"column":8},"end":{"line":251,"column":null}},"35":{"start":{"line":270,"column":8},"end":{"line":273,"column":null}},"36":{"start":{"line":43,"column":13},"end":{"line":274,"column":null}}},"fnMap":{"0":{"name":"(anonymous_4)","decl":{"start":{"line":44,"column":2},"end":{"line":44,"column":null}},"loc":{"start":{"line":46,"column":48},"end":{"line":47,"column":6}}},"1":{"name":"(anonymous_5)","decl":{"start":{"line":73,"column":2},"end":{"line":73,"column":7}},"loc":{"start":{"line":73,"column":51},"end":{"line":76,"column":3}}},"2":{"name":"(anonymous_6)","decl":{"start":{"line":114,"column":2},"end":{"line":114,"column":7}},"loc":{"start":{"line":114,"column":67},"end":{"line":119,"column":3}}},"3":{"name":"(anonymous_7)","decl":{"start":{"line":121,"column":2},"end":{"line":121,"column":7}},"loc":{"start":{"line":121,"column":15},"end":{"line":124,"column":3}}},"4":{"name":"(anonymous_8)","decl":{"start":{"line":126,"column":2},"end":{"line":126,"column":7}},"loc":{"start":{"line":126,"column":52},"end":{"line":129,"column":3}}},"5":{"name":"(anonymous_9)","decl":{"start":{"line":156,"column":2},"end":{"line":156,"column":7}},"loc":{"start":{"line":156,"column":23},"end":{"line":159,"column":3}}},"6":{"name":"(anonymous_10)","decl":{"start":{"line":188,"column":2},"end":{"line":188,"column":7}},"loc":{"start":{"line":188,"column":46},"end":{"line":191,"column":3}}},"7":{"name":"(anonymous_11)","decl":{"start":{"line":217,"column":2},"end":{"line":217,"column":7}},"loc":{"start":{"line":217,"column":39},"end":{"line":220,"column":3}}},"8":{"name":"(anonymous_12)","decl":{"start":{"line":248,"column":2},"end":{"line":248,"column":7}},"loc":{"start":{"line":248,"column":76},"end":{"line":251,"column":3}}},"9":{"name":"(anonymous_13)","decl":{"start":{"line":270,"column":2},"end":{"line":270,"column":7}},"loc":{"start":{"line":270,"column":38},"end":{"line":273,"column":3}}}},"branchMap":{"0":{"loc":{"start":{"line":115,"column":4},"end":{"line":117,"column":5}},"type":"if","locations":[{"start":{"line":115,"column":4},"end":{"line":117,"column":5}}]},"1":{"loc":{"start":{"line":115,"column":8},"end":{"line":115,"column":49}},"type":"binary-expr","locations":[{"start":{"line":115,"column":8},"end":{"line":115,"column":26}},{"start":{"line":115,"column":30},"end":{"line":115,"column":49}}]}},"s":{"0":1,"1":1,"2":1,"3":1,"4":1,"5":1,"6":1,"7":1,"8":10,"9":1,"10":1,"11":2,"12":1,"13":1,"14":2,"15":2,"16":2,"17":2,"18":1,"19":1,"20":1,"21":1,"22":1,"23":1,"24":1,"25":1,"26":1,"27":1,"28":1,"29":1,"30":1,"31":1,"32":1,"33":1,"34":1,"35":1,"36":1},"f":{"0":10,"1":1,"2":2,"3":2,"4":2,"5":1,"6":1,"7":1,"8":1,"9":1},"b":{"0":[1],"1":[2,1]}}
,"/Users/juancarlosguerra/Dev/test/nestjs-backoffice-api/src/modules/users/mappers/user.mapper.ts": {"path":"/Users/juancarlosguerra/Dev/test/nestjs-backoffice-api/src/modules/users/mappers/user.mapper.ts","statementMap":{"0":{"start":{"line":7,"column":4},"end":{"line":16,"column":6}},"1":{"start":{"line":20,"column":4},"end":{"line":20,"column":52}},"2":{"start":{"line":20,"column":29},"end":{"line":20,"column":50}},"3":{"start":{"line":24,"column":4},"end":{"line":30,"column":6}},"4":{"start":{"line":34,"column":4},"end":{"line":36,"column":6}},"5":{"start":{"line":5,"column":0},"end":{"line":5,"column":13}}},"fnMap":{"0":{"name":"(anonymous_0)","decl":{"start":{"line":6,"column":2},"end":{"line":6,"column":8}},"loc":{"start":{"line":6,"column":30},"end":{"line":17,"column":3}}},"1":{"name":"(anonymous_1)","decl":{"start":{"line":19,"column":2},"end":{"line":19,"column":8}},"loc":{"start":{"line":19,"column":38},"end":{"line":21,"column":3}}},"2":{"name":"(anonymous_2)","decl":{"start":{"line":20,"column":21},"end":{"line":20,"column":25}},"loc":{"start":{"line":20,"column":29},"end":{"line":20,"column":50}}},"3":{"name":"(anonymous_3)","decl":{"start":{"line":23,"column":2},"end":{"line":23,"column":8}},"loc":{"start":{"line":23,"column":66},"end":{"line":31,"column":3}}},"4":{"name":"(anonymous_4)","decl":{"start":{"line":33,"column":2},"end":{"line":33,"column":8}},"loc":{"start":{"line":33,"column":76},"end":{"line":37,"column":3}}}},"branchMap":{"0":{"loc":{"start":{"line":33,"column":26},"end":{"line":33,"column":76}},"type":"default-arg","locations":[{"start":{"line":33,"column":44},"end":{"line":33,"column":76}}]}},"s":{"0":24,"1":16,"2":15,"3":6,"4":4,"5":2},"f":{"0":24,"1":16,"2":15,"3":6,"4":4},"b":{"0":[3]}}
,"/Users/juancarlosguerra/Dev/test/nestjs-backoffice-api/src/modules/users/repositories/user.repository.ts": {"path":"/Users/juancarlosguerra/Dev/test/nestjs-backoffice-api/src/modules/users/repositories/user.repository.ts","statementMap":{"0":{"start":{"line":1,"column":0},"end":{"line":1,"column":44}},"1":{"start":{"line":2,"column":0},"end":{"line":2,"column":51}},"2":{"start":{"line":3,"column":0},"end":{"line":3,"column":37}},"3":{"start":{"line":4,"column":0},"end":{"line":4,"column":47}},"4":{"start":{"line":8,"column":7},"end":{"line":65,"column":null}},"5":{"start":{"line":11,"column":21},"end":{"line":11,"column":37}},"6":{"start":{"line":15,"column":4},"end":{"line":15,"column":38}},"7":{"start":{"line":19,"column":4},"end":{"line":19,"column":58}},"8":{"start":{"line":23,"column":4},"end":{"line":23,"column":69}},"9":{"start":{"line":27,"column":17},"end":{"line":27,"column":53}},"10":{"start":{"line":28,"column":4},"end":{"line":28,"column":42}},"11":{"start":{"line":32,"column":4},"end":{"line":32,"column":51}},"12":{"start":{"line":33,"column":24},"end":{"line":33,"column":47}},"13":{"start":{"line":34,"column":4},"end":{"line":36,"column":5}},"14":{"start":{"line":35,"column":6},"end":{"line":35,"column":47}},"15":{"start":{"line":37,"column":4},"end":{"line":37,"column":23}},"16":{"start":{"line":41,"column":19},"end":{"line":41,"column":55}},"17":{"start":{"line":42,"column":4},"end":{"line":42,"column":38}},"18":{"start":{"line":46,"column":4},"end":{"line":46,"column":67}},"19":{"start":{"line":50,"column":18},"end":{"line":50,"column":79}},"20":{"start":{"line":51,"column":4},"end":{"line":51,"column":21}},"21":{"start":{"line":55,"column":4},"end":{"line":55,"column":61}},"22":{"start":{"line":59,"column":4},"end":{"line":59,"column":67}},"23":{"start":{"line":63,"column":4},"end":{"line":63,"column":70}},"24":{"start":{"line":8,"column":13},"end":{"line":8,"column":27}},"25":{"start":{"line":8,"column":13},"end":{"line":65,"column":null}}},"fnMap":{"0":{"name":"(anonymous_4)","decl":{"start":{"line":9,"column":2},"end":{"line":9,"column":null}},"loc":{"start":{"line":11,"column":53},"end":{"line":12,"column":6}}},"1":{"name":"(anonymous_5)","decl":{"start":{"line":14,"column":2},"end":{"line":14,"column":7}},"loc":{"start":{"line":14,"column":15},"end":{"line":16,"column":3}}},"2":{"name":"(anonymous_6)","decl":{"start":{"line":18,"column":2},"end":{"line":18,"column":7}},"loc":{"start":{"line":18,"column":27},"end":{"line":20,"column":3}}},"3":{"name":"(anonymous_7)","decl":{"start":{"line":22,"column":2},"end":{"line":22,"column":7}},"loc":{"start":{"line":22,"column":41},"end":{"line":24,"column":3}}},"4":{"name":"(anonymous_8)","decl":{"start":{"line":26,"column":2},"end":{"line":26,"column":7}},"loc":{"start":{"line":26,"column":38},"end":{"line":29,"column":3}}},"5":{"name":"(anonymous_9)","decl":{"start":{"line":31,"column":2},"end":{"line":31,"column":7}},"loc":{"start":{"line":31,"column":50},"end":{"line":38,"column":3}}},"6":{"name":"(anonymous_10)","decl":{"start":{"line":40,"column":2},"end":{"line":40,"column":7}},"loc":{"start":{"line":40,"column":25},"end":{"line":43,"column":3}}},"7":{"name":"(anonymous_11)","decl":{"start":{"line":45,"column":2},"end":{"line":45,"column":7}},"loc":{"start":{"line":45,"column":40},"end":{"line":47,"column":3}}},"8":{"name":"(anonymous_12)","decl":{"start":{"line":49,"column":2},"end":{"line":49,"column":7}},"loc":{"start":{"line":49,"column":40},"end":{"line":52,"column":3}}},"9":{"name":"(anonymous_13)","decl":{"start":{"line":54,"column":2},"end":{"line":54,"column":7}},"loc":{"start":{"line":54,"column":33},"end":{"line":56,"column":3}}},"10":{"name":"(anonymous_14)","decl":{"start":{"line":58,"column":2},"end":{"line":58,"column":7}},"loc":{"start":{"line":58,"column":23},"end":{"line":60,"column":3}}},"11":{"name":"(anonymous_15)","decl":{"start":{"line":62,"column":2},"end":{"line":62,"column":7}},"loc":{"start":{"line":62,"column":31},"end":{"line":64,"column":3}}}},"branchMap":{"0":{"loc":{"start":{"line":34,"column":4},"end":{"line":36,"column":5}},"type":"if","locations":[{"start":{"line":34,"column":4},"end":{"line":36,"column":5}}]},"1":{"loc":{"start":{"line":42,"column":12},"end":{"line":42,"column":32}},"type":"binary-expr","locations":[{"start":{"line":42,"column":12},"end":{"line":42,"column":27}},{"start":{"line":42,"column":31},"end":{"line":42,"column":32}}]}},"s":{"0":0,"1":0,"2":0,"3":0,"4":0,"5":0,"6":0,"7":0,"8":0,"9":0,"10":0,"11":0,"12":0,"13":0,"14":0,"15":0,"16":0,"17":0,"18":0,"19":0,"20":0,"21":0,"22":0,"23":0,"24":0,"25":0},"f":{"0":0,"1":0,"2":0,"3":0,"4":0,"5":0,"6":0,"7":0,"8":0,"9":0,"10":0,"11":0},"b":{"0":[0],"1":[0,0]}}
,"/Users/juancarlosguerra/Dev/test/nestjs-backoffice-api/src/modules/users/services/users.service.ts": {"path":"/Users/juancarlosguerra/Dev/test/nestjs-backoffice-api/src/modules/users/services/users.service.ts","statementMap":{"0":{"start":{"line":1,"column":0},"end":{"line":1,"column":71}},"1":{"start":{"line":10,"column":7},"end":{"line":89,"column":null}},"2":{"start":{"line":13,"column":21},"end":{"line":13,"column":52}},"3":{"start":{"line":18,"column":25},"end":{"line":18,"column":83}},"4":{"start":{"line":19,"column":4},"end":{"line":21,"column":5}},"5":{"start":{"line":20,"column":6},"end":{"line":20,"column":49}},"6":{"start":{"line":23,"column":4},"end":{"line":26,"column":7}},"7":{"start":{"line":30,"column":4},"end":{"line":30,"column":41}},"8":{"start":{"line":34,"column":18},"end":{"line":34,"column":53}},"9":{"start":{"line":35,"column":18},"end":{"line":35,"column":30}},"10":{"start":{"line":36,"column":23},"end":{"line":36,"column":47}},"11":{"start":{"line":37,"column":19},"end":{"line":37,"column":37}},"12":{"start":{"line":38,"column":17},"end":{"line":38,"column":52}},"13":{"start":{"line":40,"column":4},"end":{"line":46,"column":6}},"14":{"start":{"line":50,"column":17},"end":{"line":50,"column":55}},"15":{"start":{"line":51,"column":4},"end":{"line":53,"column":5}},"16":{"start":{"line":52,"column":6},"end":{"line":52,"column":59}},"17":{"start":{"line":54,"column":4},"end":{"line":54,"column":16}},"18":{"start":{"line":58,"column":4},"end":{"line":58,"column":50}},"19":{"start":{"line":62,"column":17},"end":{"line":62,"column":39}},"20":{"start":{"line":64,"column":4},"end":{"line":69,"column":5}},"21":{"start":{"line":65,"column":27},"end":{"line":65,"column":85}},"22":{"start":{"line":66,"column":6},"end":{"line":68,"column":7}},"23":{"start":{"line":67,"column":8},"end":{"line":67,"column":51}},"24":{"start":{"line":71,"column":4},"end":{"line":71,"column":57}},"25":{"start":{"line":75,"column":17},"end":{"line":75,"column":39}},"26":{"start":{"line":76,"column":20},"end":{"line":76,"column":56}},"27":{"start":{"line":77,"column":4},"end":{"line":79,"column":5}},"28":{"start":{"line":78,"column":6},"end":{"line":78,"column":54}},"29":{"start":{"line":83,"column":4},"end":{"line":83,"column":49}},"30":{"start":{"line":87,"column":4},"end":{"line":87,"column":48}},"31":{"start":{"line":10,"column":13},"end":{"line":10,"column":25}},"32":{"start":{"line":10,"column":13},"end":{"line":89,"column":null}}},"fnMap":{"0":{"name":"(anonymous_4)","decl":{"start":{"line":11,"column":2},"end":{"line":11,"column":null}},"loc":{"start":{"line":13,"column":52},"end":{"line":14,"column":6}}},"1":{"name":"(anonymous_5)","decl":{"start":{"line":16,"column":2},"end":{"line":16,"column":7}},"loc":{"start":{"line":16,"column":43},"end":{"line":27,"column":3}}},"2":{"name":"(anonymous_6)","decl":{"start":{"line":29,"column":2},"end":{"line":29,"column":7}},"loc":{"start":{"line":29,"column":15},"end":{"line":31,"column":3}}},"3":{"name":"(anonymous_7)","decl":{"start":{"line":33,"column":2},"end":{"line":33,"column":7}},"loc":{"start":{"line":33,"column":52},"end":{"line":47,"column":3}}},"4":{"name":"(anonymous_8)","decl":{"start":{"line":49,"column":2},"end":{"line":49,"column":7}},"loc":{"start":{"line":49,"column":26},"end":{"line":55,"column":3}}},"5":{"name":"(anonymous_9)","decl":{"start":{"line":57,"column":2},"end":{"line":57,"column":7}},"loc":{"start":{"line":57,"column":33},"end":{"line":59,"column":3}}},"6":{"name":"(anonymous_10)","decl":{"start":{"line":61,"column":2},"end":{"line":61,"column":7}},"loc":{"start":{"line":61,"column":55},"end":{"line":72,"column":3}}},"7":{"name":"(anonymous_11)","decl":{"start":{"line":74,"column":2},"end":{"line":74,"column":7}},"loc":{"start":{"line":74,"column":25},"end":{"line":80,"column":3}}},"8":{"name":"(anonymous_12)","decl":{"start":{"line":82,"column":2},"end":{"line":82,"column":7}},"loc":{"start":{"line":82,"column":23},"end":{"line":84,"column":3}}},"9":{"name":"(anonymous_13)","decl":{"start":{"line":86,"column":2},"end":{"line":86,"column":7}},"loc":{"start":{"line":86,"column":31},"end":{"line":88,"column":3}}}},"branchMap":{"0":{"loc":{"start":{"line":19,"column":4},"end":{"line":21,"column":5}},"type":"if","locations":[{"start":{"line":19,"column":4},"end":{"line":21,"column":5}}]},"1":{"loc":{"start":{"line":51,"column":4},"end":{"line":53,"column":5}},"type":"if","locations":[{"start":{"line":51,"column":4},"end":{"line":53,"column":5}}]},"2":{"loc":{"start":{"line":64,"column":4},"end":{"line":69,"column":5}},"type":"if","locations":[{"start":{"line":64,"column":4},"end":{"line":69,"column":5}}]},"3":{"loc":{"start":{"line":64,"column":8},"end":{"line":64,"column":65}},"type":"binary-expr","locations":[{"start":{"line":64,"column":8},"end":{"line":64,"column":27}},{"start":{"line":64,"column":31},"end":{"line":64,"column":65}}]},"4":{"loc":{"start":{"line":66,"column":6},"end":{"line":68,"column":7}},"type":"if","locations":[{"start":{"line":66,"column":6},"end":{"line":68,"column":7}}]},"5":{"loc":{"start":{"line":77,"column":4},"end":{"line":79,"column":5}},"type":"if","locations":[{"start":{"line":77,"column":4},"end":{"line":79,"column":5}}]}},"s":{"0":2,"1":2,"2":8,"3":2,"4":2,"5":1,"6":1,"7":1,"8":0,"9":0,"10":0,"11":0,"12":0,"13":0,"14":4,"15":4,"16":1,"17":3,"18":1,"19":1,"20":1,"21":0,"22":0,"23":0,"24":1,"25":1,"26":1,"27":1,"28":0,"29":0,"30":0,"31":2,"32":2},"f":{"0":8,"1":2,"2":1,"3":0,"4":4,"5":1,"6":1,"7":1,"8":0,"9":0},"b":{"0":[1],"1":[1],"2":[0],"3":[1,0],"4":[0],"5":[0]}}
,"/Users/juancarlosguerra/Dev/test/nestjs-backoffice-api/src/test/test-utils.ts": {"path":"/Users/juancarlosguerra/Dev/test/nestjs-backoffice-api/src/test/test-utils.ts","statementMap":{"0":{"start":{"line":3,"column":0},"end":{"line":3,"column":58}},"1":{"start":{"line":4,"column":0},"end":{"line":4,"column":35}},"2":{"start":{"line":11,"column":27},"end":{"line":11,"column":63}},"3":{"start":{"line":13,"column":17},"end":{"line":21,"column":6}},"4":{"start":{"line":23,"column":4},"end":{"line":23,"column":37}},"5":{"start":{"line":30,"column":4},"end":{"line":34,"column":7}},"6":{"start":{"line":38,"column":27},"end":{"line":38,"column":65}},"7":{"start":{"line":38,"column":52},"end":{"line":38,"column":64}},"8":{"start":{"line":39,"column":4},"end":{"line":39,"column":38}},"9":{"start":{"line":43,"column":4},"end":{"line":49,"column":6}},"10":{"start":{"line":6,"column":0},"end":{"line":6,"column":13}}},"fnMap":{"0":{"name":"(anonymous_0)","decl":{"start":{"line":7,"column":2},"end":{"line":7,"column":8}},"loc":{"start":{"line":9,"column":33},"end":{"line":24,"column":3}}},"1":{"name":"(anonymous_1)","decl":{"start":{"line":26,"column":2},"end":{"line":26,"column":8}},"loc":{"start":{"line":28,"column":33},"end":{"line":35,"column":3}}},"2":{"name":"(anonymous_2)","decl":{"start":{"line":37,"column":2},"end":{"line":37,"column":8}},"loc":{"start":{"line":37,"column":60},"end":{"line":40,"column":3}}},"3":{"name":"(anonymous_3)","decl":{"start":{"line":38,"column":44},"end":{"line":38,"column":48}},"loc":{"start":{"line":38,"column":52},"end":{"line":38,"column":64}}},"4":{"name":"(anonymous_4)","decl":{"start":{"line":42,"column":2},"end":{"line":42,"column":8}},"loc":{"start":{"line":42,"column":51},"end":{"line":50,"column":3}}}},"branchMap":{"0":{"loc":{"start":{"line":9,"column":4},"end":{"line":9,"column":33}},"type":"default-arg","locations":[{"start":{"line":9,"column":31},"end":{"line":9,"column":33}}]},"1":{"loc":{"start":{"line":28,"column":4},"end":{"line":28,"column":33}},"type":"default-arg","locations":[{"start":{"line":28,"column":31},"end":{"line":28,"column":33}}]}},"s":{"0":0,"1":0,"2":0,"3":0,"4":0,"5":0,"6":0,"7":0,"8":0,"9":0,"10":0},"f":{"0":0,"1":0,"2":0,"3":0,"4":0},"b":{"0":[0],"1":[0]}}
,"/Users/juancarlosguerra/Dev/test/nestjs-backoffice-api/src/test-utils/database-test.utils.ts": {"path":"/Users/juancarlosguerra/Dev/test/nestjs-backoffice-api/src/test-utils/database-test.utils.ts","statementMap":{"0":{"start":{"line":3,"column":0},"end":{"line":3,"column":58}},"1":{"start":{"line":4,"column":0},"end":{"line":4,"column":35}},"2":{"start":{"line":7,"column":22},"end":{"line":7,"column":44}},"3":{"start":{"line":13,"column":21},"end":{"line":13,"column":52}},"4":{"start":{"line":16,"column":4},"end":{"line":16,"column":62}},"5":{"start":{"line":19,"column":4},"end":{"line":22,"column":5}},"6":{"start":{"line":20,"column":25},"end":{"line":20,"column":67}},"7":{"start":{"line":21,"column":6},"end":{"line":21,"column":31}},"8":{"start":{"line":25,"column":4},"end":{"line":25,"column":62}},"9":{"start":{"line":32,"column":21},"end":{"line":32,"column":52}},"10":{"start":{"line":34,"column":4},"end":{"line":39,"column":5}},"11":{"start":{"line":35,"column":6},"end":{"line":38,"column":7}},"12":{"start":{"line":36,"column":26},"end":{"line":36,"column":42}},"13":{"start":{"line":37,"column":8},"end":{"line":37,"column":99}},"14":{"start":{"line":49,"column":27},"end":{"line":49,"column":63}},"15":{"start":{"line":51,"column":24},"end":{"line":58,"column":6}},"16":{"start":{"line":60,"column":17},"end":{"line":63,"column":6}},"17":{"start":{"line":65,"column":4},"end":{"line":65,"column":37}},"18":{"start":{"line":75,"column":4},"end":{"line":79,"column":7}},"19":{"start":{"line":90,"column":26},"end":{"line":90,"column":28}},"20":{"start":{"line":92,"column":4},"end":{"line":100,"column":5}},"21":{"start":{"line":92,"column":17},"end":{"line":92,"column":18}},"22":{"start":{"line":93,"column":19},"end":{"line":98,"column":8}},"23":{"start":{"line":99,"column":6},"end":{"line":99,"column":23}},"24":{"start":{"line":102,"column":4},"end":{"line":102,"column":17}},"25":{"start":{"line":109,"column":4},"end":{"line":109,"column":66}},"26":{"start":{"line":116,"column":19},"end":{"line":122,"column":19}},"27":{"start":{"line":124,"column":4},"end":{"line":124,"column":38}},"28":{"start":{"line":131,"column":19},"end":{"line":131,"column":92}},"29":{"start":{"line":132,"column":4},"end":{"line":132,"column":49}},"30":{"start":{"line":139,"column":4},"end":{"line":139,"column":52}},"31":{"start":{"line":6,"column":0},"end":{"line":6,"column":13}},"32":{"start":{"line":146,"column":39},"end":{"line":148,"column":1}},"33":{"start":{"line":147,"column":2},"end":{"line":147,"column":43}},"34":{"start":{"line":146,"column":13},"end":{"line":146,"column":39}},"35":{"start":{"line":153,"column":38},"end":{"line":166,"column":1}},"36":{"start":{"line":154,"column":44},"end":{"line":154,"column":67}},"37":{"start":{"line":156,"column":21},"end":{"line":162,"column":4}},"38":{"start":{"line":164,"column":2},"end":{"line":164,"column":32}},"39":{"start":{"line":165,"column":2},"end":{"line":165,"column":20}},"40":{"start":{"line":153,"column":13},"end":{"line":153,"column":38}}},"fnMap":{"0":{"name":"(anonymous_0)","decl":{"start":{"line":7,"column":2},"end":{"line":7,"column":22}},"loc":{"start":{"line":7,"column":44},"end":{"line":7,"column":48}}},"1":{"name":"(anonymous_1)","decl":{"start":{"line":12,"column":2},"end":{"line":12,"column":7}},"loc":{"start":{"line":12,"column":21},"end":{"line":26,"column":3}}},"2":{"name":"(anonymous_2)","decl":{"start":{"line":31,"column":2},"end":{"line":31,"column":7}},"loc":{"start":{"line":31,"column":22},"end":{"line":40,"column":3}}},"3":{"name":"(anonymous_3)","decl":{"start":{"line":45,"column":2},"end":{"line":45,"column":7}},"loc":{"start":{"line":47,"column":33},"end":{"line":66,"column":3}}},"4":{"name":"(anonymous_4)","decl":{"start":{"line":71,"column":2},"end":{"line":71,"column":7}},"loc":{"start":{"line":73,"column":33},"end":{"line":80,"column":3}}},"5":{"name":"(anonymous_5)","decl":{"start":{"line":85,"column":2},"end":{"line":85,"column":7}},"loc":{"start":{"line":88,"column":34},"end":{"line":103,"column":3}}},"6":{"name":"(anonymous_6)","decl":{"start":{"line":108,"column":2},"end":{"line":108,"column":15}},"loc":{"start":{"line":108,"column":52},"end":{"line":110,"column":3}}},"7":{"name":"(anonymous_7)","decl":{"start":{"line":115,"column":2},"end":{"line":115,"column":7}},"loc":{"start":{"line":115,"column":37},"end":{"line":125,"column":3}}},"8":{"name":"(anonymous_8)","decl":{"start":{"line":130,"column":2},"end":{"line":130,"column":7}},"loc":{"start":{"line":130,"column":40},"end":{"line":133,"column":3}}},"9":{"name":"(anonymous_9)","decl":{"start":{"line":138,"column":2},"end":{"line":138,"column":7}},"loc":{"start":{"line":138,"column":54},"end":{"line":140,"column":3}}},"10":{"name":"(anonymous_10)","decl":{"start":{"line":146,"column":39},"end":{"line":146,"column":40}},"loc":{"start":{"line":146,"column":85},"end":{"line":148,"column":1}}},"11":{"name":"(anonymous_11)","decl":{"start":{"line":153,"column":38},"end":{"line":153,"column":43}},"loc":{"start":{"line":153,"column":70},"end":{"line":166,"column":1}}},"12":{"name":"(anonymous_12)","decl":{"start":{"line":154,"column":44},"end":{"line":154,"column":57}},"loc":{"start":{"line":154,"column":44},"end":{"line":154,"column":67}}}},"branchMap":{"0":{"loc":{"start":{"line":35,"column":6},"end":{"line":38,"column":7}},"type":"if","locations":[{"start":{"line":35,"column":6},"end":{"line":38,"column":7}}]},"1":{"loc":{"start":{"line":47,"column":4},"end":{"line":47,"column":33}},"type":"default-arg","locations":[{"start":{"line":47,"column":31},"end":{"line":47,"column":33}}]},"2":{"loc":{"start":{"line":73,"column":4},"end":{"line":73,"column":33}},"type":"default-arg","locations":[{"start":{"line":73,"column":31},"end":{"line":73,"column":33}}]},"3":{"loc":{"start":{"line":88,"column":4},"end":{"line":88,"column":34}},"type":"default-arg","locations":[{"start":{"line":88,"column":21},"end":{"line":88,"column":34}}]},"4":{"loc":{"start":{"line":124,"column":11},"end":{"line":124,"column":37}},"type":"binary-expr","locations":[{"start":{"line":124,"column":11},"end":{"line":124,"column":28}},{"start":{"line":124,"column":32},"end":{"line":124,"column":37}}]},"5":{"loc":{"start":{"line":132,"column":20},"end":{"line":132,"column":43}},"type":"binary-expr","locations":[{"start":{"line":132,"column":20},"end":{"line":132,"column":36}},{"start":{"line":132,"column":40},"end":{"line":132,"column":43}}]}},"s":{"0":0,"1":0,"2":0,"3":0,"4":0,"5":0,"6":0,"7":0,"8":0,"9":0,"10":0,"11":0,"12":0,"13":0,"14":0,"15":0,"16":0,"17":0,"18":0,"19":0,"20":0,"21":0,"22":0,"23":0,"24":0,"25":0,"26":0,"27":0,"28":0,"29":0,"30":0,"31":0,"32":0,"33":0,"34":0,"35":0,"36":0,"37":0,"38":0,"39":0,"40":0},"f":{"0":0,"1":0,"2":0,"3":0,"4":0,"5":0,"6":0,"7":0,"8":0,"9":0,"10":0,"11":0,"12":0},"b":{"0":[0],"1":[0],"2":[0],"3":[0],"4":[0,0],"5":[0,0]}}
}
